Determining if the pthread_create exist failed with the following output:
Change Dir: /home/sumantra/Documents/Sumantra_vision/PointCloud_Registration/cuda_emicp_softassign/build/CMakeFiles/CMakeTmp

Run Build Command:"/usr/bin/make" "cmTC_b0e50/fast"
/usr/bin/make -f CMakeFiles/cmTC_b0e50.dir/build.make CMakeFiles/cmTC_b0e50.dir/build
make[1]: Entering directory '/home/sumantra/Documents/Sumantra_vision/PointCloud_Registration/cuda_emicp_softassign/build/CMakeFiles/CMakeTmp'
Building C object CMakeFiles/cmTC_b0e50.dir/CheckSymbolExists.c.o
/usr/bin/cc    -o CMakeFiles/cmTC_b0e50.dir/CheckSymbolExists.c.o   -c /home/sumantra/Documents/Sumantra_vision/PointCloud_Registration/cuda_emicp_softassign/build/CMakeFiles/CMakeTmp/CheckSymbolExists.c
Linking C executable cmTC_b0e50
/usr/local/bin/cmake -E cmake_link_script CMakeFiles/cmTC_b0e50.dir/link.txt --verbose=1
/usr/bin/cc      -rdynamic CMakeFiles/cmTC_b0e50.dir/CheckSymbolExists.c.o  -o cmTC_b0e50 
CMakeFiles/cmTC_b0e50.dir/CheckSymbolExists.c.o: In function `main':
CheckSymbolExists.c:(.text+0x16): undefined reference to `pthread_create'
collect2: error: ld returned 1 exit status
CMakeFiles/cmTC_b0e50.dir/build.make:86: recipe for target 'cmTC_b0e50' failed
make[1]: *** [cmTC_b0e50] Error 1
make[1]: Leaving directory '/home/sumantra/Documents/Sumantra_vision/PointCloud_Registration/cuda_emicp_softassign/build/CMakeFiles/CMakeTmp'
Makefile:121: recipe for target 'cmTC_b0e50/fast' failed
make: *** [cmTC_b0e50/fast] Error 2

File /home/sumantra/Documents/Sumantra_vision/PointCloud_Registration/cuda_emicp_softassign/build/CMakeFiles/CMakeTmp/CheckSymbolExists.c:
/* */
#include <pthread.h>

int main(int argc, char** argv)
{
  (void)argv;
#ifndef pthread_create
  return ((int*)(&pthread_create))[argc];
#else
  (void)argc;
  return 0;
#endif
}

Determining if the function pthread_create exists in the pthreads failed with the following output:
Change Dir: /home/sumantra/Documents/Sumantra_vision/PointCloud_Registration/cuda_emicp_softassign/build/CMakeFiles/CMakeTmp

Run Build Command:"/usr/bin/make" "cmTC_94c52/fast"
/usr/bin/make -f CMakeFiles/cmTC_94c52.dir/build.make CMakeFiles/cmTC_94c52.dir/build
make[1]: Entering directory '/home/sumantra/Documents/Sumantra_vision/PointCloud_Registration/cuda_emicp_softassign/build/CMakeFiles/CMakeTmp'
Building C object CMakeFiles/cmTC_94c52.dir/CheckFunctionExists.c.o
/usr/bin/cc   -DCHECK_FUNCTION_EXISTS=pthread_create   -o CMakeFiles/cmTC_94c52.dir/CheckFunctionExists.c.o   -c /usr/local/share/cmake-3.13/Modules/CheckFunctionExists.c
Linking C executable cmTC_94c52
/usr/local/bin/cmake -E cmake_link_script CMakeFiles/cmTC_94c52.dir/link.txt --verbose=1
/usr/bin/cc  -DCHECK_FUNCTION_EXISTS=pthread_create    -rdynamic CMakeFiles/cmTC_94c52.dir/CheckFunctionExists.c.o  -o cmTC_94c52 -lpthreads 
/usr/bin/ld: cannot find -lpthreads
collect2: error: ld returned 1 exit status
CMakeFiles/cmTC_94c52.dir/build.make:86: recipe for target 'cmTC_94c52' failed
make[1]: *** [cmTC_94c52] Error 1
make[1]: Leaving directory '/home/sumantra/Documents/Sumantra_vision/PointCloud_Registration/cuda_emicp_softassign/build/CMakeFiles/CMakeTmp'
Makefile:121: recipe for target 'cmTC_94c52/fast' failed
make: *** [cmTC_94c52/fast] Error 2


Determining if the function sgemm_ exists failed with the following output:
Change Dir: /home/sumantra/Documents/Sumantra_vision/PointCloud_Registration/cuda_emicp_softassign/build/CMakeFiles/CMakeTmp

Run Build Command:"/usr/bin/make" "cmTC_b9d0c/fast"
/usr/bin/make -f CMakeFiles/cmTC_b9d0c.dir/build.make CMakeFiles/cmTC_b9d0c.dir/build
make[1]: Entering directory '/home/sumantra/Documents/Sumantra_vision/PointCloud_Registration/cuda_emicp_softassign/build/CMakeFiles/CMakeTmp'
Building C object CMakeFiles/cmTC_b9d0c.dir/CheckFunctionExists.c.o
/usr/bin/cc   -fopenmp -DCHECK_FUNCTION_EXISTS=sgemm_   -o CMakeFiles/cmTC_b9d0c.dir/CheckFunctionExists.c.o   -c /usr/local/share/cmake-3.13/Modules/CheckFunctionExists.c
Linking C executable cmTC_b9d0c
/usr/local/bin/cmake -E cmake_link_script CMakeFiles/cmTC_b9d0c.dir/link.txt --verbose=1
/usr/bin/cc   -fopenmp -DCHECK_FUNCTION_EXISTS=sgemm_    -rdynamic CMakeFiles/cmTC_b9d0c.dir/CheckFunctionExists.c.o  -o cmTC_b9d0c 
CMakeFiles/cmTC_b9d0c.dir/CheckFunctionExists.c.o: In function `main':
CheckFunctionExists.c:(.text+0x10): undefined reference to `sgemm_'
collect2: error: ld returned 1 exit status
CMakeFiles/cmTC_b9d0c.dir/build.make:86: recipe for target 'cmTC_b9d0c' failed
make[1]: *** [cmTC_b9d0c] Error 1
make[1]: Leaving directory '/home/sumantra/Documents/Sumantra_vision/PointCloud_Registration/cuda_emicp_softassign/build/CMakeFiles/CMakeTmp'
Makefile:121: recipe for target 'cmTC_b9d0c/fast' failed
make: *** [cmTC_b9d0c/fast] Error 2


